<?xml version="1.0" encoding="UTF-8"?>
<!-- Generated by org.testng.reporters.JUnitXMLReporter -->
<testsuite ignored="5" hostname="DESKTOP-RV9VIUP" failures="0" tests="3" name="Test Groups" time="0.401" errors="0" timestamp="2026-02-09T16:04:51 GMT+03:00">
  <testcase classname="day5.SignupTest" name="signupWithEmail" time="0.084"/>
  <testcase classname="day5.SignupTest" name="signupWithNumber" time="0.009"/>
  <testcase classname="day5.SignupTest" name="signupWithUsername" time="0.011"/>
  <testcase classname="day5.LoginTest" name="loginWithNumber" time="0.0">
    <ignored/>
  </testcase> <!-- loginWithNumber -->
  <testcase classname="day5.LoginTest" name="loginWithUsername" time="0.0">
    <ignored/>
  </testcase> <!-- loginWithUsername -->
  <testcase classname="day5.PaymentTest" name="payWithCard" time="0.0">
    <ignored/>
  </testcase> <!-- payWithCard -->
  <testcase classname="day5.LoginTest" name="loginWithEmail" time="0.0">
    <ignored/>
  </testcase> <!-- loginWithEmail -->
  <testcase classname="day5.PaymentTest" name="payWithNumber" time="0.0">
    <ignored/>
  </testcase> <!-- payWithNumber -->
</testsuite> <!-- Test Groups -->
