<?xml version="1.0" encoding="UTF-8"?>
<!-- Generated by org.testng.reporters.JUnitXMLReporter -->
<testsuite ignored="0" hostname="DESKTOP-RV9VIUP" failures="0" tests="3" name="Default test" time="15.612" errors="0" timestamp="2026-03-03T18:07:18 GMT+03:00">
  <testcase classname="day7.ListenerTestDemo" name="testTitle" time="0.046"/>
  <testcase classname="day7.ListenerTestDemo" name="testURL" time="0.06"/>
  <testcase classname="day7.ListenerTestDemo" name="testLogo" time="0.166"/>
</testsuite> <!-- Default test -->
