<?xml version="1.0" encoding="UTF-8"?>
<!-- Generated by org.testng.reporters.JUnitXMLReporter -->
<testsuite ignored="0" hostname="DESKTOP-RV9VIUP" failures="0" tests="3" name="TestFirefox" time="67.335" errors="0" timestamp="2026-02-11T17:02:31 GMT+03:00">
  <testcase classname="day6.ParamTest" name="testTitle" time="0.078"/>
  <testcase classname="day6.ParamTest" name="testURL" time="0.024"/>
  <testcase classname="day6.ParamTest" name="testLogo" time="0.088"/>
</testsuite> <!-- TestFirefox -->
