<?xml version="1.0" encoding="UTF-8"?>
<!-- Generated by org.testng.reporters.JUnitXMLReporter -->
<testsuite ignored="0" hostname="DESKTOP-RV9VIUP" failures="0" tests="3" name="Test" time="10.544" errors="0" timestamp="2026-03-03T18:14:49 GMT+03:00">
  <testcase classname="day7.ListenerTestDemo" name="testTitle" time="0.034"/>
  <testcase classname="day7.ListenerTestDemo" name="testURL" time="0.018"/>
  <testcase classname="day7.ListenerTestDemo" name="testLogo" time="0.077"/>
</testsuite> <!-- Test -->
