<?xml version="1.0" encoding="UTF-8"?>
<testng-results ignored="0" total="3" passed="3" failed="0" skipped="0">
  <reporter-output>
  </reporter-output>
  <suite started-at="2026-03-03T18:14:38 GMT+03:00" name="Suite" finished-at="2026-03-03T18:14:48 GMT+03:00" duration-ms="10544">
    <groups>
    </groups>
    <test started-at="2026-03-03T18:14:38 GMT+03:00" name="Test" finished-at="2026-03-03T18:14:48 GMT+03:00" duration-ms="10544">
      <class name="day7.ListenerTestDemo">
        <test-method is-config="true" signature="setup()[pri:0, instance:day7.ListenerTestDemo@4f6ee6e4]" started-at="2026-03-03T18:14:39 GMT+03:00" name="setup" finished-at="2026-03-03T18:14:48 GMT+03:00" duration-ms="9140" status="PASS">
          <reporter-output>
          </reporter-output>
        </test-method> <!-- setup -->
        <test-method signature="testTitle()[pri:1, instance:day7.ListenerTestDemo@4f6ee6e4]" started-at="2026-03-03T18:14:48 GMT+03:00" name="testTitle" finished-at="2026-03-03T18:14:48 GMT+03:00" duration-ms="34" status="PASS">
          <reporter-output>
          </reporter-output>
        </test-method> <!-- testTitle -->
        <test-method signature="testURL()[pri:2, instance:day7.ListenerTestDemo@4f6ee6e4]" started-at="2026-03-03T18:14:48 GMT+03:00" name="testURL" finished-at="2026-03-03T18:14:48 GMT+03:00" duration-ms="18" status="PASS">
          <reporter-output>
          </reporter-output>
        </test-method> <!-- testURL -->
        <test-method signature="testLogo()[pri:3, instance:day7.ListenerTestDemo@4f6ee6e4]" started-at="2026-03-03T18:14:48 GMT+03:00" name="testLogo" finished-at="2026-03-03T18:14:48 GMT+03:00" duration-ms="77" status="PASS">
          <reporter-output>
          </reporter-output>
        </test-method> <!-- testLogo -->
        <test-method is-config="true" signature="exit()[pri:0, instance:day7.ListenerTestDemo@4f6ee6e4]" started-at="2026-03-03T18:14:48 GMT+03:00" name="exit" finished-at="2026-03-03T18:14:48 GMT+03:00" duration-ms="437" status="PASS">
          <reporter-output>
          </reporter-output>
        </test-method> <!-- exit -->
      </class> <!-- day7.ListenerTestDemo -->
    </test> <!-- Test -->
  </suite> <!-- Suite -->
</testng-results>
