<?xml version="1.0" encoding="UTF-8"?>
<!-- Generated by org.testng.reporters.JUnitReportReporter -->
<testsuite hostname="DESKTOP-RV9VIUP" failures="0" tests="4" name="day3.OrangeHRMTest" time="15.370" errors="0" timestamp="2026-02-06T15:56:00 GMT+03:00" skipped="0">
  <testcase classname="day3.OrangeHRMTest" name="openApp" time="13.094"/>
  <testcase classname="day3.OrangeHRMTest" name="testLogo" time="1.003"/>
  <testcase classname="day3.OrangeHRMTest" name="login" time="0.629"/>
  <testcase classname="day3.OrangeHRMTest" name="close" time="0.644"/>
</testsuite> <!-- day3.OrangeHRMTest -->
