<?xml version="1.0" encoding="UTF-8"?>
<!-- Generated by org.testng.reporters.JUnitReportReporter -->
<testsuite hostname="DESKTOP-RV9VIUP" failures="0" tests="3" name="day3.FirstTestCase" time="0.024" errors="0" timestamp="2026-02-06T15:56:00 GMT+03:00" skipped="0">
  <testcase classname="day3.FirstTestCase" name="open" time="0.009"/>
  <testcase classname="day3.FirstTestCase" name="login" time="0.007"/>
  <testcase classname="day3.FirstTestCase" name="logout" time="0.008"/>
</testsuite> <!-- day3.FirstTestCase -->
