<?xml version="1.0" encoding="UTF-8"?>
<!-- Generated by org.testng.reporters.JUnitReportReporter -->
<testsuite hostname="DESKTOP-RV9VIUP" failures="0" tests="3" name="day5.SignupTest" time="0.104" errors="0" timestamp="2026-02-09T16:04:52 GMT+03:00" skipped="0">
  <testcase classname="day5.SignupTest" name="signupWithNumber" time="0.009"/>
  <testcase classname="day5.SignupTest" name="signupWithUsername" time="0.011"/>
  <testcase classname="day5.SignupTest" name="signupWithEmail" time="0.084"/>
</testsuite> <!-- day5.SignupTest -->
