<?xml version="1.0" encoding="UTF-8"?>
<!-- Generated by org.testng.reporters.JUnitReportReporter -->
<testsuite hostname="DESKTOP-RV9VIUP" failures="0" tests="9" name="day6.ParamTest" time="0.570" errors="0" timestamp="2026-02-11T17:02:31 GMT+03:00" skipped="0">
  <testcase classname="day6.ParamTest" name="testTitle" time="0.020"/>
  <testcase classname="day6.ParamTest" name="testTitle" time="0.076"/>
  <testcase classname="day6.ParamTest" name="testTitle" time="0.078"/>
  <testcase classname="day6.ParamTest" name="testURL" time="0.024"/>
  <testcase classname="day6.ParamTest" name="testURL" time="0.036"/>
  <testcase classname="day6.ParamTest" name="testURL" time="0.020"/>
  <testcase classname="day6.ParamTest" name="testLogo" time="0.068"/>
  <testcase classname="day6.ParamTest" name="testLogo" time="0.160"/>
  <testcase classname="day6.ParamTest" name="testLogo" time="0.088"/>
</testsuite> <!-- day6.ParamTest -->
