<?xml version="1.0" encoding="UTF-8"?>
<!-- Generated by org.testng.reporters.JUnitReportReporter -->
<testsuite hostname="DESKTOP-RV9VIUP" failures="0" tests="3" name="day5.LoginTest" time="0.068" errors="0" timestamp="2026-02-09T16:03:45 GMT+03:00" skipped="0">
  <testcase classname="day5.LoginTest" name="loginWithNumber" time="0.006"/>
  <testcase classname="day5.LoginTest" name="loginWithUsername" time="0.009"/>
  <testcase classname="day5.LoginTest" name="loginWithEmail" time="0.053"/>
</testsuite> <!-- day5.LoginTest -->
